# JRE version: OpenJDK Runtime Environment (8.0_242-b01) (build 1.8.0_242-release-1644-b01)
# Java VM: OpenJDK 64-Bit Server VM (25.242-b01 mixed mode windows-amd64 compressed oops)
Heap:
 PSYoungGen      total 238080K, used 118365K [0x00000000d5580000, 0x00000000e6800000, 0x0000000100000000)
  eden space 206336K, 48% used [0x00000000d5580000,0x00000000db722828,0x00000000e1f00000)
  from space 31744K, 57% used [0x00000000e4900000,0x00000000e5af4c30,0x00000000e6800000)
  to   space 37376K, 0% used [0x00000000e1f00000,0x00000000e1f00000,0x00000000e4380000)
 ParOldGen       total 141824K, used 80794K [0x0000000080000000, 0x0000000088a80000, 0x00000000d5580000)
  object space 141824K, 56% used [0x0000000080000000,0x0000000084ee6888,0x0000000088a80000)
 Metaspace       used 75973K, capacity 79816K, committed 79896K, reserved 1118208K
  class space    used 9998K, capacity 10737K, committed 10792K, reserved 1048576K
GC Heap History (10 events):
Event: 13.845 GC heap before
{Heap before GC invocations=15 (full 3):
 PSYoungGen      total 166912K, used 14451K [0x00000000d5580000, 0x00000000e1900000, 0x0000000100000000)
  eden space 149504K, 0% used [0x00000000d5580000,0x00000000d5580000,0x00000000de780000)
  from space 17408K, 83% used [0x00000000df980000,0x00000000e079cf60,0x00000000e0a80000)
  to   space 18432K, 0% used [0x00000000de780000,0x00000000de780000,0x00000000df980000)
 ParOldGen       total 92672K, used 28936K [0x0000000080000000, 0x0000000085a80000, 0x00000000d5580000)
  object space 92672K, 31% used [0x0000000080000000,0x0000000081c42330,0x0000000085a80000)
 Metaspace       used 56719K, capacity 59054K, committed 59160K, reserved 1099776K
  class space    used 7657K, capacity 8175K, committed 8232K, reserved 1048576K
Event: 14.077 GC heap after
Heap after GC invocations=15 (full 3):
 PSYoungGen      total 166912K, used 0K [0x00000000d5580000, 0x00000000e1900000, 0x0000000100000000)
  eden space 149504K, 0% used [0x00000000d5580000,0x00000000d5580000,0x00000000de780000)
  from space 17408K, 0% used [0x00000000df980000,0x00000000df980000,0x00000000e0a80000)
  to   space 18432K, 0% used [0x00000000de780000,0x00000000de780000,0x00000000df980000)
 ParOldGen       total 141824K, used 33164K [0x0000000080000000, 0x0000000088a80000, 0x00000000d5580000)
  object space 141824K, 23% used [0x0000000080000000,0x00000000820631c0,0x0000000088a80000)
 Metaspace       used 56681K, capacity 58928K, committed 59160K, reserved 1099776K
  class space    used 7645K, capacity 8154K, committed 8232K, reserved 1048576K
}
Event: 17.306 GC heap before
{Heap before GC invocations=16 (full 3):
 PSYoungGen      total 166912K, used 149504K [0x00000000d5580000, 0x00000000e1900000, 0x0000000100000000)
  eden space 149504K, 100% used [0x00000000d5580000,0x00000000de780000,0x00000000de780000)
  from space 17408K, 0% used [0x00000000df980000,0x00000000df980000,0x00000000e0a80000)
  to   space 18432K, 0% used [0x00000000de780000,0x00000000de780000,0x00000000df980000)
 ParOldGen       total 141824K, used 33164K [0x0000000080000000, 0x0000000088a80000, 0x00000000d5580000)
  object space 141824K, 23% used [0x0000000080000000,0x00000000820631c0,0x0000000088a80000)
 Metaspace       used 63014K, capacity 65680K, committed 65944K, reserved 1105920K
  class space    used 8555K, capacity 9095K, committed 9128K, reserved 1048576K
Event: 17.328 GC heap after
Heap after GC invocations=16 (full 3):
 PSYoungGen      total 167936K, used 16976K [0x00000000d5580000, 0x00000000e2d80000, 0x0000000100000000)
  eden space 149504K, 0% used [0x00000000d5580000,0x00000000d5580000,0x00000000de780000)
  from space 18432K, 92% used [0x00000000de780000,0x00000000df814260,0x00000000df980000)
  to   space 20480K, 0% used [0x00000000e1980000,0x00000000e1980000,0x00000000e2d80000)
 ParOldGen       total 141824K, used 33172K [0x0000000080000000, 0x0000000088a80000, 0x00000000d5580000)
  object space 141824K, 23% used [0x0000000080000000,0x00000000820651c0,0x0000000088a80000)
 Metaspace       used 63014K, capacity 65680K, committed 65944K, reserved 1105920K
  class space    used 8555K, capacity 9095K, committed 9128K, reserved 1048576K
}
Event: 20.213 GC heap before
{Heap before GC invocations=17 (full 3):
 PSYoungGen      total 167936K, used 166480K [0x00000000d5580000, 0x00000000e2d80000, 0x0000000100000000)
  eden space 149504K, 100% used [0x00000000d5580000,0x00000000de780000,0x00000000de780000)
  from space 18432K, 92% used [0x00000000de780000,0x00000000df814260,0x00000000df980000)
  to   space 20480K, 0% used [0x00000000e1980000,0x00000000e1980000,0x00000000e2d80000)
 ParOldGen       total 141824K, used 33172K [0x0000000080000000, 0x0000000088a80000, 0x00000000d5580000)
  object space 141824K, 23% used [0x0000000080000000,0x00000000820651c0,0x0000000088a80000)
 Metaspace       used 65752K, capacity 69142K, committed 69272K, reserved 1110016K
  class space    used 8947K, capacity 9628K, committed 9640K, reserved 1048576K
Event: 20.262 GC heap after
Heap after GC invocations=17 (full 3):
 PSYoungGen      total 196608K, used 20457K [0x00000000d5580000, 0x00000000e3780000, 0x0000000100000000)
  eden space 176128K, 0% used [0x00000000d5580000,0x00000000d5580000,0x00000000e0180000)
  from space 20480K, 99% used [0x00000000e1980000,0x00000000e2d7a500,0x00000000e2d80000)
  to   space 24576K, 0% used [0x00000000e0180000,0x00000000e0180000,0x00000000e1980000)
 ParOldGen       total 141824K, used 36512K [0x0000000080000000, 0x0000000088a80000, 0x00000000d5580000)
  object space 141824K, 25% used [0x0000000080000000,0x00000000823a83b8,0x0000000088a80000)
 Metaspace       used 65752K, capacity 69142K, committed 69272K, reserved 1110016K
  class space    used 8947K, capacity 9628K, committed 9640K, reserved 1048576K
}
Event: 28.449 GC heap before
{Heap before GC invocations=18 (full 3):
 PSYoungGen      total 196608K, used 193735K [0x00000000d5580000, 0x00000000e3780000, 0x0000000100000000)
  eden space 176128K, 98% used [0x00000000d5580000,0x00000000dfeb7958,0x00000000e0180000)
  from space 20480K, 99% used [0x00000000e1980000,0x00000000e2d7a500,0x00000000e2d80000)
  to   space 24576K, 0% used [0x00000000e0180000,0x00000000e0180000,0x00000000e1980000)
 ParOldGen       total 141824K, used 36512K [0x0000000080000000, 0x0000000088a80000, 0x00000000d5580000)
  object space 141824K, 25% used [0x0000000080000000,0x00000000823a83b8,0x0000000088a80000)
 Metaspace       used 67588K, capacity 71094K, committed 71320K, reserved 1110016K
  class space    used 9165K, capacity 9858K, committed 9896K, reserved 1048576K
Event: 28.488 GC heap after
Heap after GC invocations=18 (full 3):
 PSYoungGen      total 200704K, used 24549K [0x00000000d5580000, 0x00000000e6f00000, 0x0000000100000000)
  eden space 176128K, 0% used [0x00000000d5580000,0x00000000d5580000,0x00000000e0180000)
  from space 24576K, 99% used [0x00000000e0180000,0x00000000e1979648,0x00000000e1980000)
  to   space 38912K, 0% used [0x00000000e4900000,0x00000000e4900000,0x00000000e6f00000)
 ParOldGen       total 141824K, used 65595K [0x0000000080000000, 0x0000000088a80000, 0x00000000d5580000)
  object space 141824K, 46% used [0x0000000080000000,0x000000008400ee18,0x0000000088a80000)
 Metaspace       used 67588K, capacity 71094K, committed 71320K, reserved 1110016K
  class space    used 9165K, capacity 9858K, committed 9896K, reserved 1048576K
}
Event: 39.012 GC heap before
{Heap before GC invocations=19 (full 3):
 PSYoungGen      total 200704K, used 200677K [0x00000000d5580000, 0x00000000e6f00000, 0x0000000100000000)
  eden space 176128K, 100% used [0x00000000d5580000,0x00000000e0180000,0x00000000e0180000)
  from space 24576K, 99% used [0x00000000e0180000,0x00000000e1979648,0x00000000e1980000)
  to   space 38912K, 0% used [0x00000000e4900000,0x00000000e4900000,0x00000000e6f00000)
 ParOldGen       total 141824K, used 65595K [0x0000000080000000, 0x0000000088a80000, 0x00000000d5580000)
  object space 141824K, 46% used [0x0000000080000000,0x000000008400ee18,0x0000000088a80000)
 Metaspace       used 71967K, capacity 75576K, committed 75800K, reserved 1114112K
  class space    used 9692K, capacity 10415K, committed 10536K, reserved 1048576K
Event: 39.047 GC heap after
Heap after GC invocations=19 (full 3):
 PSYoungGen      total 238080K, used 18387K [0x00000000d5580000, 0x00000000e6800000, 0x0000000100000000)
  eden space 206336K, 0% used [0x00000000d5580000,0x00000000d5580000,0x00000000e1f00000)
  from space 31744K, 57% used [0x00000000e4900000,0x00000000e5af4c30,0x00000000e6800000)
  to   space 37376K, 0% used [0x00000000e1f00000,0x00000000e1f00000,0x00000000e4380000)
 ParOldGen       total 141824K, used 80794K [0x0000000080000000, 0x0000000088a80000, 0x00000000d5580000)
  object space 141824K, 56% used [0x0000000080000000,0x0000000084ee6888,0x0000000088a80000)
 Metaspace       used 71967K, capacity 75576K, committed 75800K, reserved 1114112K
  class space    used 9692K, capacity 10415K, committed 10536K, reserved 1048576K
}

